[2024-05-07 16:35:30] local.ERROR: SQLSTATE[HY000] [1049] Unknown database 'back2enjoy' (Connection: mysql, SQL: select * from `usuarios`) {"exception":"[object] (Illuminate\\Database\\QueryException(code: 1049): SQLSTATE[HY000] [1049] Unknown database 'back2enjoy' (Connection: mysql, SQL: select * from `usuarios`) at C:\\Users\\adrir\\OneDrive\\Desktop\\BACK2ENJOY\\BACK2ENJOW\\BACKEND-BACK2ENJOY\\EVO411.0\\vendor\\laravel\\framework\\src\\Illuminate\\Database\\Connection.php:813)
[stacktrace]
#0 C:\\Users\\adrir\\OneDrive\\Desktop\\BACK2ENJOY\\BACK2ENJOW\\BACKEND-BACK2ENJOY\\EVO411.0\\vendor\\laravel\\framework\\src\\Illuminate\\Database\\Connection.php(767): Illuminate\\Database\\Connection->runQueryCallback('select * from `...', Array, Object(Closure))
#1 C:\\Users\\adrir\\OneDrive\\Desktop\\BACK2ENJOY\\BACK2ENJOW\\BACKEND-BACK2ENJOY\\EVO411.0\\vendor\\laravel\\framework\\src\\Illuminate\\Database\\Connection.php(398): Illuminate\\Database\\Connection->run('select * from `...', Array, Object(Closure))
#2 C:\\Users\\adrir\\OneDrive\\Desktop\\BACK2ENJOY\\BACK2ENJOW\\BACKEND-BACK2ENJOY\\EVO411.0\\vendor\\laravel\\framework\\src\\Illuminate\\Database\\Query\\Builder.php(2934): Illuminate\\Database\\Connection->select('select * from `...', Array, true)
#3 C:\\Users\\adrir\\OneDrive\\Desktop\\BACK2ENJOY\\BACK2ENJOW\\BACKEND-BACK2ENJOY\\EVO411.0\\vendor\\laravel\\framework\\src\\Illuminate\\Database\\Query\\Builder.php(2919): Illuminate\\Database\\Query\\Builder->runSelect()
#4 C:\\Users\\adrir\\OneDrive\\Desktop\\BACK2ENJOY\\BACK2ENJOW\\BACKEND-BACK2ENJOY\\EVO411.0\\vendor\\laravel\\framework\\src\\Illuminate\\Database\\Query\\Builder.php(3507): Illuminate\\Database\\Query\\Builder->Illuminate\\Database\\Query\\{closure}()
#5 C:\\Users\\adrir\\OneDrive\\Desktop\\BACK2ENJOY\\BACK2ENJOW\\BACKEND-BACK2ENJOY\\EVO411.0\\vendor\\laravel\\framework\\src\\Illuminate\\Database\\Query\\Builder.php(2918): Illuminate\\Database\\Query\\Builder->onceWithColumns(Array, Object(Closure))
#6 C:\\Users\\adrir\\OneDrive\\Desktop\\BACK2ENJOY\\BACK2ENJOW\\BACKEND-BACK2ENJOY\\EVO411.0\\vendor\\laravel\\framework\\src\\Illuminate\\Database\\Eloquent\\Builder.php(749): Illuminate\\Database\\Query\\Builder->get(Array)
#7 C:\\Users\\adrir\\OneDrive\\Desktop\\BACK2ENJOY\\BACK2ENJOW\\BACKEND-BACK2ENJOY\\EVO411.0\\vendor\\laravel\\framework\\src\\Illuminate\\Database\\Eloquent\\Builder.php(731): Illuminate\\Database\\Eloquent\\Builder->getModels(Array)
#8 C:\\Users\\adrir\\OneDrive\\Desktop\\BACK2ENJOY\\BACK2ENJOW\\BACKEND-BACK2ENJOY\\EVO411.0\\vendor\\laravel\\framework\\src\\Illuminate\\Database\\Eloquent\\Model.php(675): Illuminate\\Database\\Eloquent\\Builder->get(Array)
#9 C:\\Users\\adrir\\OneDrive\\Desktop\\BACK2ENJOY\\BACK2ENJOW\\BACKEND-BACK2ENJOY\\EVO411.0\\app\\Http\\Controllers\\UsuarioController.php(20): Illuminate\\Database\\Eloquent\\Model::all()
#10 C:\\Users\\adrir\\OneDrive\\Desktop\\BACK2ENJOY\\BACK2ENJOW\\BACKEND-BACK2ENJOY\\EVO411.0\\vendor\\laravel\\framework\\src\\Illuminate\\Routing\\ControllerDispatcher.php(46): App\\Http\\Controllers\\UsuarioController->index()
#11 C:\\Users\\adrir\\OneDrive\\Desktop\\BACK2ENJOY\\BACK2ENJOW\\BACKEND-BACK2ENJOY\\EVO411.0\\vendor\\laravel\\framework\\src\\Illuminate\\Routing\\Route.php(260): Illuminate\\Routing\\ControllerDispatcher->dispatch(Object(Illuminate\\Routing\\Route), Object(App\\Http\\Controllers\\UsuarioController), 'index')
#12 C:\\Users\\adrir\\OneDrive\\Desktop\\BACK2ENJOY\\BACK2ENJOW\\BACKEND-BACK2ENJOY\\EVO411.0\\vendor\\laravel\\framework\\src\\Illuminate\\Routing\\Route.php(206): Illuminate\\Routing\\Route->runController()
#13 C:\\Users\\adrir\\OneDrive\\Desktop\\BACK2ENJOY\\BACK2ENJOW\\BACKEND-BACK2ENJOY\\EVO411.0\\vendor\\laravel\\framework\\src\\Illuminate\\Routing\\Router.php(806): Illuminate\\Routing\\Route->run()
#14 C:\\Users\\adrir\\OneDrive\\Desktop\\BACK2ENJOY\\BACK2ENJOW\\BACKEND-BACK2ENJOY\\EVO411.0\\vendor\\laravel\\framework\\src\\Illuminate\\Pipeline\\Pipeline.php(144): Illuminate\\Routing\\Router->Illuminate\\Routing\\{closure}(Object(Illuminate\\Http\\Request))
#15 C:\\Users\\adrir\\OneDrive\\Desktop\\BACK2ENJOY\\BACK2ENJOW\\BACKEND-BACK2ENJOY\\EVO411.0\\vendor\\laravel\\framework\\src\\Illuminate\\Routing\\Middleware\\SubstituteBindings.php(50): Illuminate\\Pipeline\\Pipeline->Illuminate\\Pipeline\\{closure}(Object(Illuminate\\Http\\Request))
#16 C:\\Users\\adrir\\OneDrive\\Desktop\\BACK2ENJOY\\BACK2ENJOW\\BACKEND-BACK2ENJOY\\EVO411.0\\vendor\\laravel\\framework\\src\\Illuminate\\Pipeline\\Pipeline.php(183): Illuminate\\Routing\\Middleware\\SubstituteBindings->handle(Object(Illuminate\\Http\\Request), Object(Closure))
#17 C:\\Users\\adrir\\OneDrive\\Desktop\\BACK2ENJOY\\BACK2ENJOW\\BACKEND-BACK2ENJOY\\EVO411.0\\vendor\\laravel\\framework\\src\\Illuminate\\Pipeline\\Pipeline.php(119): Illuminate\\Pipeline\\Pipeline->Illuminate\\Pipeline\\{closure}(Object(Illuminate\\Http\\Request))
#18 C:\\Users\\adrir\\OneDrive\\Desktop\\BACK2ENJOY\\BACK2ENJOW\\BACKEND-BACK2ENJOY\\EVO411.0\\vendor\\laravel\\framework\\src\\Illuminate\\Routing\\Router.php(805): Illuminate\\Pipeline\\Pipeline->then(Object(Closure))
#19 C:\\Users\\adrir\\OneDrive\\Desktop\\BACK2ENJOY\\BACK2ENJOW\\BACKEND-BACK2ENJOY\\EVO411.0\\vendor\\laravel\\framework\\src\\Illuminate\\Routing\\Router.php(784): Illuminate\\Routing\\Router->runRouteWithinStack(Object(Illuminate\\Routing\\Route), Object(Illuminate\\Http\\Request))
#20 C:\\Users\\adrir\\OneDrive\\Desktop\\BACK2ENJOY\\BACK2ENJOW\\BACKEND-BACK2ENJOY\\EVO411.0\\vendor\\laravel\\framework\\src\\Illuminate\\Routing\\Router.php(748): Illuminate\\Routing\\Router->runRoute(Object(Illuminate\\Http\\Request), Object(Illuminate\\Routing\\Route))
#21 C:\\Users\\adrir\\OneDrive\\Desktop\\BACK2ENJOY\\BACK2ENJOW\\BACKEND-BACK2ENJOY\\EVO411.0\\vendor\\laravel\\framework\\src\\Illuminate\\Routing\\Router.php(737): Illuminate\\Routing\\Router->dispatchToRoute(Object(Illuminate\\Http\\Request))
#22 C:\\Users\\adrir\\OneDrive\\Desktop\\BACK2ENJOY\\BACK2ENJOW\\BACKEND-BACK2ENJOY\\EVO411.0\\vendor\\laravel\\framework\\src\\Illuminate\\Foundation\\Http\\Kernel.php(200): Illuminate\\Routing\\Router->dispatch(Object(Illuminate\\Http\\Request))
#23 C:\\Users\\adrir\\OneDrive\\Desktop\\BACK2ENJOY\\BACK2ENJOW\\BACKEND-BACK2ENJOY\\EVO411.0\\vendor\\laravel\\framework\\src\\Illuminate\\Pipeline\\Pipeline.php(144): Illuminate\\Foundation\\Http\\Kernel->Illuminate\\Foundation\\Http\\{closure}(Object(Illuminate\\Http\\Request))
#24 C:\\Users\\adrir\\OneDrive\\Desktop\\BACK2ENJOY\\BACK2ENJOW\\BACKEND-BACK2ENJOY\\EVO411.0\\vendor\\laravel\\framework\\src\\Illuminate\\Foundation\\Http\\Middleware\\TransformsRequest.php(21): Illuminate\\Pipeline\\Pipeline->Illuminate\\Pipeline\\{closure}(Object(Illuminate\\Http\\Request))
#25 C:\\Users\\adrir\\OneDrive\\Desktop\\BACK2ENJOY\\BACK2ENJOW\\BACKEND-BACK2ENJOY\\EVO411.0\\vendor\\laravel\\framework\\src\\Illuminate\\Foundation\\Http\\Middleware\\ConvertEmptyStringsToNull.php(31): Illuminate\\Foundation\\Http\\Middleware\\TransformsRequest->handle(Object(Illuminate\\Http\\Request), Object(Closure))
#26 C:\\Users\\adrir\\OneDrive\\Desktop\\BACK2ENJOY\\BACK2ENJOW\\BACKEND-BACK2ENJOY\\EVO411.0\\vendor\\laravel\\framework\\src\\Illuminate\\Pipeline\\Pipeline.php(183): Illuminate\\Foundation\\Http\\Middleware\\ConvertEmptyStringsToNull->handle(Object(Illuminate\\Http\\Request), Object(Closure))
#27 C:\\Users\\adrir\\OneDrive\\Desktop\\BACK2ENJOY\\BACK2ENJOW\\BACKEND-BACK2ENJOY\\EVO411.0\\vendor\\laravel\\framework\\src\\Illuminate\\Foundation\\Http\\Middleware\\TransformsRequest.php(21): Illuminate\\Pipeline\\Pipeline->Illuminate\\Pipeline\\{closure}(Object(Illuminate\\Http\\Request))
#28 C:\\Users\\adrir\\OneDrive\\Desktop\\BACK2ENJOY\\BACK2ENJOW\\BACKEND-BACK2ENJOY\\EVO411.0\\vendor\\laravel\\framework\\src\\Illuminate\\Foundation\\Http\\Middleware\\TrimStrings.php(51): Illuminate\\Foundation\\Http\\Middleware\\TransformsRequest->handle(Object(Illuminate\\Http\\Request), Object(Closure))
#29 C:\\Users\\adrir\\OneDrive\\Desktop\\BACK2ENJOY\\BACK2ENJOW\\BACKEND-BACK2ENJOY\\EVO411.0\\vendor\\laravel\\framework\\src\\Illuminate\\Pipeline\\Pipeline.php(183): Illuminate\\Foundation\\Http\\Middleware\\TrimStrings->handle(Object(Illuminate\\Http\\Request), Object(Closure))
#30 C:\\Users\\adrir\\OneDrive\\Desktop\\BACK2ENJOY\\BACK2ENJOW\\BACKEND-BACK2ENJOY\\EVO411.0\\vendor\\laravel\\framework\\src\\Illuminate\\Http\\Middleware\\ValidatePostSize.php(27): Illuminate\\Pipeline\\Pipeline->Illuminate\\Pipeline\\{closure}(Object(Illuminate\\Http\\Request))
#31 C:\\Users\\adrir\\OneDrive\\Desktop\\BACK2ENJOY\\BACK2ENJOW\\BACKEND-BACK2ENJOY\\EVO411.0\\vendor\\laravel\\framework\\src\\Illuminate\\Pipeline\\Pipeline.php(183): Illuminate\\Http\\Middleware\\ValidatePostSize->handle(Object(Illuminate\\Http\\Request), Object(Closure))
#32 C:\\Users\\adrir\\OneDrive\\Desktop\\BACK2ENJOY\\BACK2ENJOW\\BACKEND-BACK2ENJOY\\EVO411.0\\vendor\\laravel\\framework\\src\\Illuminate\\Foundation\\Http\\Middleware\\PreventRequestsDuringMaintenance.php(110): Illuminate\\Pipeline\\Pipeline->Illuminate\\Pipeline\\{closure}(Object(Illuminate\\Http\\Request))
#33 C:\\Users\\adrir\\OneDrive\\Desktop\\BACK2ENJOY\\BACK2ENJOW\\BACKEND-BACK2ENJOY\\EVO411.0\\vendor\\laravel\\framework\\src\\Illuminate\\Pipeline\\Pipeline.php(183): Illuminate\\Foundation\\Http\\Middleware\\PreventRequestsDuringMaintenance->handle(Object(Illuminate\\Http\\Request), Object(Closure))
#34 C:\\Users\\adrir\\OneDrive\\Desktop\\BACK2ENJOY\\BACK2ENJOW\\BACKEND-BACK2ENJOY\\EVO411.0\\vendor\\laravel\\framework\\src\\Illuminate\\Http\\Middleware\\HandleCors.php(62): Illuminate\\Pipeline\\Pipeline->Illuminate\\Pipeline\\{closure}(Object(Illuminate\\Http\\Request))
#35 C:\\Users\\adrir\\OneDrive\\Desktop\\BACK2ENJOY\\BACK2ENJOW\\BACKEND-BACK2ENJOY\\EVO411.0\\vendor\\laravel\\framework\\src\\Illuminate\\Pipeline\\Pipeline.php(183): Illuminate\\Http\\Middleware\\HandleCors->handle(Object(Illuminate\\Http\\Request), Object(Closure))
#36 C:\\Users\\adrir\\OneDrive\\Desktop\\BACK2ENJOY\\BACK2ENJOW\\BACKEND-BACK2ENJOY\\EVO411.0\\vendor\\laravel\\framework\\src\\Illuminate\\Http\\Middleware\\TrustProxies.php(57): Illuminate\\Pipeline\\Pipeline->Illuminate\\Pipeline\\{closure}(Object(Illuminate\\Http\\Request))
#37 C:\\Users\\adrir\\OneDrive\\Desktop\\BACK2ENJOY\\BACK2ENJOW\\BACKEND-BACK2ENJOY\\EVO411.0\\vendor\\laravel\\framework\\src\\Illuminate\\Pipeline\\Pipeline.php(183): Illuminate\\Http\\Middleware\\TrustProxies->handle(Object(Illuminate\\Http\\Request), Object(Closure))
#38 C:\\Users\\adrir\\OneDrive\\Desktop\\BACK2ENJOY\\BACK2ENJOW\\BACKEND-BACK2ENJOY\\EVO411.0\\vendor\\laravel\\framework\\src\\Illuminate\\Pipeline\\Pipeline.php(119): Illuminate\\Pipeline\\Pipeline->Illuminate\\Pipeline\\{closure}(Object(Illuminate\\Http\\Request))
#39 C:\\Users\\adrir\\OneDrive\\Desktop\\BACK2ENJOY\\BACK2ENJOW\\BACKEND-BACK2ENJOY\\EVO411.0\\vendor\\laravel\\framework\\src\\Illuminate\\Foundation\\Http\\Kernel.php(175): Illuminate\\Pipeline\\Pipeline->then(Object(Closure))
#40 C:\\Users\\adrir\\OneDrive\\Desktop\\BACK2ENJOY\\BACK2ENJOW\\BACKEND-BACK2ENJOY\\EVO411.0\\vendor\\laravel\\framework\\src\\Illuminate\\Foundation\\Http\\Kernel.php(144): Illuminate\\Foundation\\Http\\Kernel->sendRequestThroughRouter(Object(Illuminate\\Http\\Request))
#41 C:\\Users\\adrir\\OneDrive\\Desktop\\BACK2ENJOY\\BACK2ENJOW\\BACKEND-BACK2ENJOY\\EVO411.0\\vendor\\laravel\\framework\\src\\Illuminate\\Foundation\\Application.php(1172): Illuminate\\Foundation\\Http\\Kernel->handle(Object(Illuminate\\Http\\Request))
#42 C:\\Users\\adrir\\OneDrive\\Desktop\\BACK2ENJOY\\BACK2ENJOW\\BACKEND-BACK2ENJOY\\EVO411.0\\public\\index.php(17): Illuminate\\Foundation\\Application->handleRequest(Object(Illuminate\\Http\\Request))
#43 C:\\Users\\adrir\\OneDrive\\Desktop\\BACK2ENJOY\\BACK2ENJOW\\BACKEND-BACK2ENJOY\\EVO411.0\\vendor\\laravel\\framework\\src\\Illuminate\\Foundation\\resources\\server.php(16): require_once('C:\\\\Users\\\\adrir\\\\...')
#44 {main}

[previous exception] [object] (PDOException(code: 1049): SQLSTATE[HY000] [1049] Unknown database 'back2enjoy' at C:\\Users\\adrir\\OneDrive\\Desktop\\BACK2ENJOY\\BACK2ENJOW\\BACKEND-BACK2ENJOY\\EVO411.0\\vendor\\laravel\\framework\\src\\Illuminate\\Database\\Connectors\\Connector.php:65)
[stacktrace]
#0 C:\\Users\\adrir\\OneDrive\\Desktop\\BACK2ENJOY\\BACK2ENJOW\\BACKEND-BACK2ENJOY\\EVO411.0\\vendor\\laravel\\framework\\src\\Illuminate\\Database\\Connectors\\Connector.php(65): PDO->__construct('mysql:host=127....', 'root', Object(SensitiveParameterValue), Array)
#1 C:\\Users\\adrir\\OneDrive\\Desktop\\BACK2ENJOY\\BACK2ENJOW\\BACKEND-BACK2ENJOY\\EVO411.0\\vendor\\laravel\\framework\\src\\Illuminate\\Database\\Connectors\\Connector.php(44): Illuminate\\Database\\Connectors\\Connector->createPdoConnection('mysql:host=127....', 'root', 'medac', Array)
#2 C:\\Users\\adrir\\OneDrive\\Desktop\\BACK2ENJOY\\BACK2ENJOW\\BACKEND-BACK2ENJOY\\EVO411.0\\vendor\\laravel\\framework\\src\\Illuminate\\Database\\Connectors\\MySqlConnector.php(24): Illuminate\\Database\\Connectors\\Connector->createConnection('mysql:host=127....', Array, Array)
#3 C:\\Users\\adrir\\OneDrive\\Desktop\\BACK2ENJOY\\BACK2ENJOW\\BACKEND-BACK2ENJOY\\EVO411.0\\vendor\\laravel\\framework\\src\\Illuminate\\Database\\Connectors\\ConnectionFactory.php(185): Illuminate\\Database\\Connectors\\MySqlConnector->connect(Array)
#4 [internal function]: Illuminate\\Database\\Connectors\\ConnectionFactory->Illuminate\\Database\\Connectors\\{closure}()
#5 C:\\Users\\adrir\\OneDrive\\Desktop\\BACK2ENJOY\\BACK2ENJOW\\BACKEND-BACK2ENJOY\\EVO411.0\\vendor\\laravel\\framework\\src\\Illuminate\\Database\\Connection.php(1219): call_user_func(Object(Closure))
#6 C:\\Users\\adrir\\OneDrive\\Desktop\\BACK2ENJOY\\BACK2ENJOW\\BACKEND-BACK2ENJOY\\EVO411.0\\vendor\\laravel\\framework\\src\\Illuminate\\Database\\Connection.php(1255): Illuminate\\Database\\Connection->getPdo()
#7 C:\\Users\\adrir\\OneDrive\\Desktop\\BACK2ENJOY\\BACK2ENJOW\\BACKEND-BACK2ENJOY\\EVO411.0\\vendor\\laravel\\framework\\src\\Illuminate\\Database\\Connection.php(512): Illuminate\\Database\\Connection->getReadPdo()
#8 C:\\Users\\adrir\\OneDrive\\Desktop\\BACK2ENJOY\\BACK2ENJOW\\BACKEND-BACK2ENJOY\\EVO411.0\\vendor\\laravel\\framework\\src\\Illuminate\\Database\\Connection.php(407): Illuminate\\Database\\Connection->getPdoForSelect(true)
#9 C:\\Users\\adrir\\OneDrive\\Desktop\\BACK2ENJOY\\BACK2ENJOW\\BACKEND-BACK2ENJOY\\EVO411.0\\vendor\\laravel\\framework\\src\\Illuminate\\Database\\Connection.php(800): Illuminate\\Database\\Connection->Illuminate\\Database\\{closure}('select * from `...', Array)
#10 C:\\Users\\adrir\\OneDrive\\Desktop\\BACK2ENJOY\\BACK2ENJOW\\BACKEND-BACK2ENJOY\\EVO411.0\\vendor\\laravel\\framework\\src\\Illuminate\\Database\\Connection.php(767): Illuminate\\Database\\Connection->runQueryCallback('select * from `...', Array, Object(Closure))
#11 C:\\Users\\adrir\\OneDrive\\Desktop\\BACK2ENJOY\\BACK2ENJOW\\BACKEND-BACK2ENJOY\\EVO411.0\\vendor\\laravel\\framework\\src\\Illuminate\\Database\\Connection.php(398): Illuminate\\Database\\Connection->run('select * from `...', Array, Object(Closure))
#12 C:\\Users\\adrir\\OneDrive\\Desktop\\BACK2ENJOY\\BACK2ENJOW\\BACKEND-BACK2ENJOY\\EVO411.0\\vendor\\laravel\\framework\\src\\Illuminate\\Database\\Query\\Builder.php(2934): Illuminate\\Database\\Connection->select('select * from `...', Array, true)
#13 C:\\Users\\adrir\\OneDrive\\Desktop\\BACK2ENJOY\\BACK2ENJOW\\BACKEND-BACK2ENJOY\\EVO411.0\\vendor\\laravel\\framework\\src\\Illuminate\\Database\\Query\\Builder.php(2919): Illuminate\\Database\\Query\\Builder->runSelect()
#14 C:\\Users\\adrir\\OneDrive\\Desktop\\BACK2ENJOY\\BACK2ENJOW\\BACKEND-BACK2ENJOY\\EVO411.0\\vendor\\laravel\\framework\\src\\Illuminate\\Database\\Query\\Builder.php(3507): Illuminate\\Database\\Query\\Builder->Illuminate\\Database\\Query\\{closure}()
#15 C:\\Users\\adrir\\OneDrive\\Desktop\\BACK2ENJOY\\BACK2ENJOW\\BACKEND-BACK2ENJOY\\EVO411.0\\vendor\\laravel\\framework\\src\\Illuminate\\Database\\Query\\Builder.php(2918): Illuminate\\Database\\Query\\Builder->onceWithColumns(Array, Object(Closure))
#16 C:\\Users\\adrir\\OneDrive\\Desktop\\BACK2ENJOY\\BACK2ENJOW\\BACKEND-BACK2ENJOY\\EVO411.0\\vendor\\laravel\\framework\\src\\Illuminate\\Database\\Eloquent\\Builder.php(749): Illuminate\\Database\\Query\\Builder->get(Array)
#17 C:\\Users\\adrir\\OneDrive\\Desktop\\BACK2ENJOY\\BACK2ENJOW\\BACKEND-BACK2ENJOY\\EVO411.0\\vendor\\laravel\\framework\\src\\Illuminate\\Database\\Eloquent\\Builder.php(731): Illuminate\\Database\\Eloquent\\Builder->getModels(Array)
#18 C:\\Users\\adrir\\OneDrive\\Desktop\\BACK2ENJOY\\BACK2ENJOW\\BACKEND-BACK2ENJOY\\EVO411.0\\vendor\\laravel\\framework\\src\\Illuminate\\Database\\Eloquent\\Model.php(675): Illuminate\\Database\\Eloquent\\Builder->get(Array)
#19 C:\\Users\\adrir\\OneDrive\\Desktop\\BACK2ENJOY\\BACK2ENJOW\\BACKEND-BACK2ENJOY\\EVO411.0\\app\\Http\\Controllers\\UsuarioController.php(20): Illuminate\\Database\\Eloquent\\Model::all()
#20 C:\\Users\\adrir\\OneDrive\\Desktop\\BACK2ENJOY\\BACK2ENJOW\\BACKEND-BACK2ENJOY\\EVO411.0\\vendor\\laravel\\framework\\src\\Illuminate\\Routing\\ControllerDispatcher.php(46): App\\Http\\Controllers\\UsuarioController->index()
#21 C:\\Users\\adrir\\OneDrive\\Desktop\\BACK2ENJOY\\BACK2ENJOW\\BACKEND-BACK2ENJOY\\EVO411.0\\vendor\\laravel\\framework\\src\\Illuminate\\Routing\\Route.php(260): Illuminate\\Routing\\ControllerDispatcher->dispatch(Object(Illuminate\\Routing\\Route), Object(App\\Http\\Controllers\\UsuarioController), 'index')
#22 C:\\Users\\adrir\\OneDrive\\Desktop\\BACK2ENJOY\\BACK2ENJOW\\BACKEND-BACK2ENJOY\\EVO411.0\\vendor\\laravel\\framework\\src\\Illuminate\\Routing\\Route.php(206): Illuminate\\Routing\\Route->runController()
#23 C:\\Users\\adrir\\OneDrive\\Desktop\\BACK2ENJOY\\BACK2ENJOW\\BACKEND-BACK2ENJOY\\EVO411.0\\vendor\\laravel\\framework\\src\\Illuminate\\Routing\\Router.php(806): Illuminate\\Routing\\Route->run()
#24 C:\\Users\\adrir\\OneDrive\\Desktop\\BACK2ENJOY\\BACK2ENJOW\\BACKEND-BACK2ENJOY\\EVO411.0\\vendor\\laravel\\framework\\src\\Illuminate\\Pipeline\\Pipeline.php(144): Illuminate\\Routing\\Router->Illuminate\\Routing\\{closure}(Object(Illuminate\\Http\\Request))
#25 C:\\Users\\adrir\\OneDrive\\Desktop\\BACK2ENJOY\\BACK2ENJOW\\BACKEND-BACK2ENJOY\\EVO411.0\\vendor\\laravel\\framework\\src\\Illuminate\\Routing\\Middleware\\SubstituteBindings.php(50): Illuminate\\Pipeline\\Pipeline->Illuminate\\Pipeline\\{closure}(Object(Illuminate\\Http\\Request))
#26 C:\\Users\\adrir\\OneDrive\\Desktop\\BACK2ENJOY\\BACK2ENJOW\\BACKEND-BACK2ENJOY\\EVO411.0\\vendor\\laravel\\framework\\src\\Illuminate\\Pipeline\\Pipeline.php(183): Illuminate\\Routing\\Middleware\\SubstituteBindings->handle(Object(Illuminate\\Http\\Request), Object(Closure))
#27 C:\\Users\\adrir\\OneDrive\\Desktop\\BACK2ENJOY\\BACK2ENJOW\\BACKEND-BACK2ENJOY\\EVO411.0\\vendor\\laravel\\framework\\src\\Illuminate\\Pipeline\\Pipeline.php(119): Illuminate\\Pipeline\\Pipeline->Illuminate\\Pipeline\\{closure}(Object(Illuminate\\Http\\Request))
#28 C:\\Users\\adrir\\OneDrive\\Desktop\\BACK2ENJOY\\BACK2ENJOW\\BACKEND-BACK2ENJOY\\EVO411.0\\vendor\\laravel\\framework\\src\\Illuminate\\Routing\\Router.php(805): Illuminate\\Pipeline\\Pipeline->then(Object(Closure))
#29 C:\\Users\\adrir\\OneDrive\\Desktop\\BACK2ENJOY\\BACK2ENJOW\\BACKEND-BACK2ENJOY\\EVO411.0\\vendor\\laravel\\framework\\src\\Illuminate\\Routing\\Router.php(784): Illuminate\\Routing\\Router->runRouteWithinStack(Object(Illuminate\\Routing\\Route), Object(Illuminate\\Http\\Request))
#30 C:\\Users\\adrir\\OneDrive\\Desktop\\BACK2ENJOY\\BACK2ENJOW\\BACKEND-BACK2ENJOY\\EVO411.0\\vendor\\laravel\\framework\\src\\Illuminate\\Routing\\Router.php(748): Illuminate\\Routing\\Router->runRoute(Object(Illuminate\\Http\\Request), Object(Illuminate\\Routing\\Route))
#31 C:\\Users\\adrir\\OneDrive\\Desktop\\BACK2ENJOY\\BACK2ENJOW\\BACKEND-BACK2ENJOY\\EVO411.0\\vendor\\laravel\\framework\\src\\Illuminate\\Routing\\Router.php(737): Illuminate\\Routing\\Router->dispatchToRoute(Object(Illuminate\\Http\\Request))
#32 C:\\Users\\adrir\\OneDrive\\Desktop\\BACK2ENJOY\\BACK2ENJOW\\BACKEND-BACK2ENJOY\\EVO411.0\\vendor\\laravel\\framework\\src\\Illuminate\\Foundation\\Http\\Kernel.php(200): Illuminate\\Routing\\Router->dispatch(Object(Illuminate\\Http\\Request))
#33 C:\\Users\\adrir\\OneDrive\\Desktop\\BACK2ENJOY\\BACK2ENJOW\\BACKEND-BACK2ENJOY\\EVO411.0\\vendor\\laravel\\framework\\src\\Illuminate\\Pipeline\\Pipeline.php(144): Illuminate\\Foundation\\Http\\Kernel->Illuminate\\Foundation\\Http\\{closure}(Object(Illuminate\\Http\\Request))
#34 C:\\Users\\adrir\\OneDrive\\Desktop\\BACK2ENJOY\\BACK2ENJOW\\BACKEND-BACK2ENJOY\\EVO411.0\\vendor\\laravel\\framework\\src\\Illuminate\\Foundation\\Http\\Middleware\\TransformsRequest.php(21): Illuminate\\Pipeline\\Pipeline->Illuminate\\Pipeline\\{closure}(Object(Illuminate\\Http\\Request))
#35 C:\\Users\\adrir\\OneDrive\\Desktop\\BACK2ENJOY\\BACK2ENJOW\\BACKEND-BACK2ENJOY\\EVO411.0\\vendor\\laravel\\framework\\src\\Illuminate\\Foundation\\Http\\Middleware\\ConvertEmptyStringsToNull.php(31): Illuminate\\Foundation\\Http\\Middleware\\TransformsRequest->handle(Object(Illuminate\\Http\\Request), Object(Closure))
#36 C:\\Users\\adrir\\OneDrive\\Desktop\\BACK2ENJOY\\BACK2ENJOW\\BACKEND-BACK2ENJOY\\EVO411.0\\vendor\\laravel\\framework\\src\\Illuminate\\Pipeline\\Pipeline.php(183): Illuminate\\Foundation\\Http\\Middleware\\ConvertEmptyStringsToNull->handle(Object(Illuminate\\Http\\Request), Object(Closure))
#37 C:\\Users\\adrir\\OneDrive\\Desktop\\BACK2ENJOY\\BACK2ENJOW\\BACKEND-BACK2ENJOY\\EVO411.0\\vendor\\laravel\\framework\\src\\Illuminate\\Foundation\\Http\\Middleware\\TransformsRequest.php(21): Illuminate\\Pipeline\\Pipeline->Illuminate\\Pipeline\\{closure}(Object(Illuminate\\Http\\Request))
#38 C:\\Users\\adrir\\OneDrive\\Desktop\\BACK2ENJOY\\BACK2ENJOW\\BACKEND-BACK2ENJOY\\EVO411.0\\vendor\\laravel\\framework\\src\\Illuminate\\Foundation\\Http\\Middleware\\TrimStrings.php(51): Illuminate\\Foundation\\Http\\Middleware\\TransformsRequest->handle(Object(Illuminate\\Http\\Request), Object(Closure))
#39 C:\\Users\\adrir\\OneDrive\\Desktop\\BACK2ENJOY\\BACK2ENJOW\\BACKEND-BACK2ENJOY\\EVO411.0\\vendor\\laravel\\framework\\src\\Illuminate\\Pipeline\\Pipeline.php(183): Illuminate\\Foundation\\Http\\Middleware\\TrimStrings->handle(Object(Illuminate\\Http\\Request), Object(Closure))
#40 C:\\Users\\adrir\\OneDrive\\Desktop\\BACK2ENJOY\\BACK2ENJOW\\BACKEND-BACK2ENJOY\\EVO411.0\\vendor\\laravel\\framework\\src\\Illuminate\\Http\\Middleware\\ValidatePostSize.php(27): Illuminate\\Pipeline\\Pipeline->Illuminate\\Pipeline\\{closure}(Object(Illuminate\\Http\\Request))
#41 C:\\Users\\adrir\\OneDrive\\Desktop\\BACK2ENJOY\\BACK2ENJOW\\BACKEND-BACK2ENJOY\\EVO411.0\\vendor\\laravel\\framework\\src\\Illuminate\\Pipeline\\Pipeline.php(183): Illuminate\\Http\\Middleware\\ValidatePostSize->handle(Object(Illuminate\\Http\\Request), Object(Closure))
#42 C:\\Users\\adrir\\OneDrive\\Desktop\\BACK2ENJOY\\BACK2ENJOW\\BACKEND-BACK2ENJOY\\EVO411.0\\vendor\\laravel\\framework\\src\\Illuminate\\Foundation\\Http\\Middleware\\PreventRequestsDuringMaintenance.php(110): Illuminate\\Pipeline\\Pipeline->Illuminate\\Pipeline\\{closure}(Object(Illuminate\\Http\\Request))
#43 C:\\Users\\adrir\\OneDrive\\Desktop\\BACK2ENJOY\\BACK2ENJOW\\BACKEND-BACK2ENJOY\\EVO411.0\\vendor\\laravel\\framework\\src\\Illuminate\\Pipeline\\Pipeline.php(183): Illuminate\\Foundation\\Http\\Middleware\\PreventRequestsDuringMaintenance->handle(Object(Illuminate\\Http\\Request), Object(Closure))
#44 C:\\Users\\adrir\\OneDrive\\Desktop\\BACK2ENJOY\\BACK2ENJOW\\BACKEND-BACK2ENJOY\\EVO411.0\\vendor\\laravel\\framework\\src\\Illuminate\\Http\\Middleware\\HandleCors.php(62): Illuminate\\Pipeline\\Pipeline->Illuminate\\Pipeline\\{closure}(Object(Illuminate\\Http\\Request))
#45 C:\\Users\\adrir\\OneDrive\\Desktop\\BACK2ENJOY\\BACK2ENJOW\\BACKEND-BACK2ENJOY\\EVO411.0\\vendor\\laravel\\framework\\src\\Illuminate\\Pipeline\\Pipeline.php(183): Illuminate\\Http\\Middleware\\HandleCors->handle(Object(Illuminate\\Http\\Request), Object(Closure))
#46 C:\\Users\\adrir\\OneDrive\\Desktop\\BACK2ENJOY\\BACK2ENJOW\\BACKEND-BACK2ENJOY\\EVO411.0\\vendor\\laravel\\framework\\src\\Illuminate\\Http\\Middleware\\TrustProxies.php(57): Illuminate\\Pipeline\\Pipeline->Illuminate\\Pipeline\\{closure}(Object(Illuminate\\Http\\Request))
#47 C:\\Users\\adrir\\OneDrive\\Desktop\\BACK2ENJOY\\BACK2ENJOW\\BACKEND-BACK2ENJOY\\EVO411.0\\vendor\\laravel\\framework\\src\\Illuminate\\Pipeline\\Pipeline.php(183): Illuminate\\Http\\Middleware\\TrustProxies->handle(Object(Illuminate\\Http\\Request), Object(Closure))
#48 C:\\Users\\adrir\\OneDrive\\Desktop\\BACK2ENJOY\\BACK2ENJOW\\BACKEND-BACK2ENJOY\\EVO411.0\\vendor\\laravel\\framework\\src\\Illuminate\\Pipeline\\Pipeline.php(119): Illuminate\\Pipeline\\Pipeline->Illuminate\\Pipeline\\{closure}(Object(Illuminate\\Http\\Request))
#49 C:\\Users\\adrir\\OneDrive\\Desktop\\BACK2ENJOY\\BACK2ENJOW\\BACKEND-BACK2ENJOY\\EVO411.0\\vendor\\laravel\\framework\\src\\Illuminate\\Foundation\\Http\\Kernel.php(175): Illuminate\\Pipeline\\Pipeline->then(Object(Closure))
#50 C:\\Users\\adrir\\OneDrive\\Desktop\\BACK2ENJOY\\BACK2ENJOW\\BACKEND-BACK2ENJOY\\EVO411.0\\vendor\\laravel\\framework\\src\\Illuminate\\Foundation\\Http\\Kernel.php(144): Illuminate\\Foundation\\Http\\Kernel->sendRequestThroughRouter(Object(Illuminate\\Http\\Request))
#51 C:\\Users\\adrir\\OneDrive\\Desktop\\BACK2ENJOY\\BACK2ENJOW\\BACKEND-BACK2ENJOY\\EVO411.0\\vendor\\laravel\\framework\\src\\Illuminate\\Foundation\\Application.php(1172): Illuminate\\Foundation\\Http\\Kernel->handle(Object(Illuminate\\Http\\Request))
#52 C:\\Users\\adrir\\OneDrive\\Desktop\\BACK2ENJOY\\BACK2ENJOW\\BACKEND-BACK2ENJOY\\EVO411.0\\public\\index.php(17): Illuminate\\Foundation\\Application->handleRequest(Object(Illuminate\\Http\\Request))
#53 C:\\Users\\adrir\\OneDrive\\Desktop\\BACK2ENJOY\\BACK2ENJOW\\BACKEND-BACK2ENJOY\\EVO411.0\\vendor\\laravel\\framework\\src\\Illuminate\\Foundation\\resources\\server.php(16): require_once('C:\\\\Users\\\\adrir\\\\...')
#54 {main}
"} 
